<?xml version="1.0" encoding="UTF-8"?>
<!-- Generated by org.testng.reporters.JUnitXMLReporter -->
<testsuite hostname="jarviss-MacBook-Pro.local" ignored="0" name="Surefire test" tests="2" failures="0" timestamp="21 Dec 2020 15:39:16 GMT" time="0.333" errors="0">
  <testcase name="runScenario" time="0.133" classname="cucumber.api.testng.AbstractTestNGCucumberTests">
    <skipped/>
  </testcase> <!-- runScenario -->
  <testcase name="runScenario" time="0.004" classname="cucumber.api.testng.AbstractTestNGCucumberTests">
    <skipped/>
  </testcase> <!-- runScenario -->
</testsuite> <!-- Surefire test -->
