<?xml version="1.0" encoding="UTF-8"?>
<testng-results skipped="0" failed="0" ignored="0" total="1" passed="1">
  <reporter-output>
  </reporter-output>
  <suite name="Default suite" duration-ms="1172" started-at="2021-11-09T16:14:19 IST" finished-at="2021-11-09T16:14:20 IST">
    <groups>
    </groups>
    <test name="Default test" duration-ms="1172" started-at="2021-11-09T16:14:19 IST" finished-at="2021-11-09T16:14:20 IST">
      <class name="com.unipro.updateExcel">
        <test-method status="PASS" signature="f()[pri:0, instance:com.unipro.updateExcel@13eb8acf]" name="f" duration-ms="1077" started-at="2021-11-09T16:14:19 IST" finished-at="2021-11-09T16:14:20 IST">
          <reporter-output>
          </reporter-output>
        </test-method> <!-- f -->
      </class> <!-- com.unipro.updateExcel -->
    </test> <!-- Default test -->
  </suite> <!-- Default suite -->
</testng-results>
