<?xml version="1.0" encoding="UTF-8"?>
<testng-results skipped="0" failed="0" ignored="0" total="2" passed="2">
  <reporter-output>
  </reporter-output>
  <suite name="run tests in parallel" duration-ms="54124" started-at="2021-01-01T17:45:07Z" finished-at="2021-01-01T17:46:01Z">
    <groups>
      <group name="cucumber">
        <method signature="AbstractTestNGCucumberTests.runScenario(cucumber.api.testng.PickleEventWrapper, cucumber.api.testng.CucumberFeatureWrapper)[pri:0, instance:com.unipro.test.RunSingleSuite@78c03f1f]" name="runScenario" class="cucumber.api.testng.AbstractTestNGCucumberTests"/>
        <method signature="AbstractTestNGCucumberTests.runScenario(cucumber.api.testng.PickleEventWrapper, cucumber.api.testng.CucumberFeatureWrapper)[pri:0, instance:com.unipro.test.RunWebAppSuite@5ec0a365]" name="runScenario" class="cucumber.api.testng.AbstractTestNGCucumberTests"/>
      </group> <!-- cucumber -->
    </groups>
    <test name="ParallelThread1" duration-ms="54124" started-at="2021-01-01T17:45:07Z" finished-at="2021-01-01T17:46:01Z">
      <class name="com.unipro.test.RunSingleSuite">
        <test-method status="PASS" signature="setUpClass()[pri:0, instance:com.unipro.test.RunSingleSuite@78c03f1f]" name="setUpClass" is-config="true" duration-ms="102" started-at="2021-01-01T17:45:07Z" finished-at="2021-01-01T17:45:07Z">
          <reporter-output>
          </reporter-output>
        </test-method> <!-- setUpClass -->
        <test-method status="PASS" signature="runScenario(cucumber.api.testng.PickleEventWrapper, cucumber.api.testng.CucumberFeatureWrapper)[pri:0, instance:com.unipro.test.RunSingleSuite@78c03f1f]" name="runScenario" duration-ms="19400" started-at="2021-01-01T17:45:07Z" description="Runs Cucumber Scenarios" data-provider="scenarios" finished-at="2021-01-01T17:45:26Z">
          <params>
            <param index="0">
              <value>
                <![CDATA["Verifying the Category Attribute Mapping Functionality"]]>
              </value>
            </param>
            <param index="1">
              <value>
                <![CDATA["PoS Master > Location"]]>
              </value>
            </param>
          </params>
          <reporter-output>
          </reporter-output>
        </test-method> <!-- runScenario -->
        <test-method status="PASS" signature="tearDownClass()[pri:0, instance:com.unipro.test.RunSingleSuite@78c03f1f]" name="tearDownClass" is-config="true" duration-ms="26" started-at="2021-01-01T17:45:26Z" finished-at="2021-01-01T17:45:26Z">
          <reporter-output>
          </reporter-output>
        </test-method> <!-- tearDownClass -->
      </class> <!-- com.unipro.test.RunSingleSuite -->
      <class name="com.unipro.test.RunWebAppSuite">
        <test-method status="PASS" signature="setUpClass()[pri:0, instance:com.unipro.test.RunWebAppSuite@5ec0a365]" name="setUpClass" is-config="true" duration-ms="1" started-at="2021-01-01T17:45:26Z" finished-at="2021-01-01T17:45:26Z">
          <reporter-output>
          </reporter-output>
        </test-method> <!-- setUpClass -->
        <test-method status="PASS" signature="runScenario(cucumber.api.testng.PickleEventWrapper, cucumber.api.testng.CucumberFeatureWrapper)[pri:0, instance:com.unipro.test.RunWebAppSuite@5ec0a365]" name="runScenario" duration-ms="34432" started-at="2021-01-01T17:45:26Z" description="Runs Cucumber Scenarios" data-provider="scenarios" finished-at="2021-01-01T17:46:01Z">
          <params>
            <param index="0">
              <value>
                <![CDATA["Verifying the Category Attribute Mapping Functionality"]]>
              </value>
            </param>
            <param index="1">
              <value>
                <![CDATA["PoS Master > Location"]]>
              </value>
            </param>
          </params>
          <reporter-output>
          </reporter-output>
        </test-method> <!-- runScenario -->
        <test-method status="PASS" signature="tearDownClass()[pri:0, instance:com.unipro.test.RunWebAppSuite@5ec0a365]" name="tearDownClass" is-config="true" duration-ms="17" started-at="2021-01-01T17:46:01Z" finished-at="2021-01-01T17:46:01Z">
          <reporter-output>
          </reporter-output>
        </test-method> <!-- tearDownClass -->
      </class> <!-- com.unipro.test.RunWebAppSuite -->
    </test> <!-- ParallelThread1 -->
  </suite> <!-- run tests in parallel -->
</testng-results>
