<?xml version="1.0" encoding="UTF-8"?>
<!-- Generated by org.testng.reporters.JUnitXMLReporter -->
<testsuite hostname="jarviss-MacBook-Pro.local" ignored="0" name="ParallelThread1" tests="2" failures="0" timestamp="21 Dec 2020 19:48:20 GMT" time="0.373" errors="0">
  <testcase name="runScenario" time="0.135" classname="cucumber.api.testng.AbstractTestNGCucumberTests">
    <skipped/>
  </testcase> <!-- runScenario -->
  <testcase name="runScenario" time="0.006" classname="cucumber.api.testng.AbstractTestNGCucumberTests">
    <skipped/>
  </testcase> <!-- runScenario -->
</testsuite> <!-- ParallelThread1 -->
